<?xml version="1.0" encoding="UTF-8"?>
<!-- Generated by org.testng.reporters.JUnitXMLReporter -->
<testsuite ignored="0" hostname="LAPTOP-94G6IOLH" failures="1" tests="2" name="Test" time="23.052" errors="0" timestamp="2024-03-18T15:46:36 IST">
  <testcase classname="Module1_Login_Test.AZTestClass_1" name="@BeforeMethod LoginToApp" time="2.962">
    <failure type="org.openqa.selenium.NoSuchElementException" message="Unable to find element with locator By.xpath: //input[@type=&amp;apos;email&amp;apos;]
For documentation on this error, please visit: https://www.selenium.dev/documentation/webdriver/troubleshooting/errors#no-such-element-exception
Build info: version: &amp;apos;4.18.1&amp;apos;, revision: &amp;apos;b1d3319b48&amp;apos;
System info: os.name: &amp;apos;Windows 11&amp;apos;, os.arch: &amp;apos;amd64&amp;apos;, os.version: &amp;apos;10.0&amp;apos;, java.version: &amp;apos;11.0.20&amp;apos;
Driver info: driver.version: RemoteWebDriver">
      <![CDATA[org.openqa.selenium.NoSuchElementException: Unable to find element with locator By.xpath: //input[@type='email']
For documentation on this error, please visit: https://www.selenium.dev/documentation/webdriver/troubleshooting/errors#no-such-element-exception
Build info: version: '4.18.1', revision: 'b1d3319b48'
System info: os.name: 'Windows 11', os.arch: 'amd64', os.version: '10.0', java.version: '11.0.20'
Driver info: driver.version: RemoteWebDriver
at org.openqa.selenium.remote.ElementLocation$ElementFinder$2.findElement(ElementLocation.java:168)
at org.openqa.selenium.remote.ElementLocation.findElement(ElementLocation.java:59)
at org.openqa.selenium.remote.RemoteWebDriver.findElement(RemoteWebDriver.java:356)
at org.openqa.selenium.remote.RemoteWebDriver.findElement(RemoteWebDriver.java:350)
at org.openqa.selenium.support.pagefactory.DefaultElementLocator.findElement(DefaultElementLocator.java:68)
at org.openqa.selenium.support.pagefactory.internal.LocatingElementHandler.invoke(LocatingElementHandler.java:38)
at com.sun.proxy.$Proxy11.sendKeys(Unknown Source)
at Module1_Login.AZ2_MobNumPage.inpAZMobNumPageMobnum(AZ2_MobNumPage.java:23)
at Module1_Login_Test.AZTestClass_1.LoginToApp(AZTestClass_1.java:64)
at java.base/java.util.ArrayList.forEach(ArrayList.java:1541)
... Removed 35 stack frames]]>
    </failure>
  </testcase> <!-- @BeforeMethod LoginToApp -->
  <testcase classname="Module1_Login_Test.AZTestClass_1" name="@AfterMethod LogoutfromApp" time="0.0">
    <skipped/>
  </testcase> <!-- @AfterMethod LogoutfromApp -->
  <testcase classname="Module1_Login_Test.AZTestClass_1" name="@AfterClass Closebrowser" time="0.0">
    <skipped/>
  </testcase> <!-- @AfterClass Closebrowser -->
  <testcase classname="Module1_Login_Test.AZTestClass_1" name="verifyFullName" time="8.022">
    <failure type="java.lang.AssertionError" message="Failed: both results are different expected [jayesh] but found []">
      <![CDATA[java.lang.AssertionError: Failed: both results are different expected [jayesh] but found []
at Module1_Login_Test.AZTestClass_1.verifyFullName(AZTestClass_1.java:88)
at java.base/java.util.ArrayList.forEach(ArrayList.java:1541)
... Removed 36 stack frames]]>
    </failure>
  </testcase> <!-- verifyFullName -->
  <testcase classname="Module1_Login_Test.AZTestClass_1" name="verifyFullName1" time="0.0">
    <skipped/>
  </testcase> <!-- verifyFullName1 -->
</testsuite> <!-- Test -->
